<?xml version="1.0" encoding="UTF-8"?>
<!-- Generated by org.testng.reporters.JUnitReportReporter -->
<testsuite hostname="LAPTOP-O91ANHAI" failures="0" tests="1" name="com.actitime.qa.testcases.ReportsPageTest" time="61.079" errors="0" timestamp="01 Mar 2023 16:09:48 GMT" skipped="0">
  <testcase classname="com.actitime.qa.testcases.ReportsPageTest" name="validateReportsPage" time="61.079"/>
</testsuite> <!-- com.actitime.qa.testcases.ReportsPageTest -->
