<?xml version="1.0" encoding="UTF-8"?>
<!-- Generated by org.testng.reporters.JUnitReportReporter -->
<testsuite hostname="LAPTOP-O91ANHAI" failures="0" tests="4" name="com.actitime.qa.testcases.UsersPageTest" time="72.044" errors="0" timestamp="06 Mar 2023 06:15:56 GMT" skipped="0">
  <testcase classname="com.actitime.qa.testcases.UsersPageTest" name="validateUsersPage" time="15.995"/>
  <testcase classname="com.actitime.qa.testcases.UsersPageTest" name="validateUsersList" time="21.123"/>
  <testcase classname="com.actitime.qa.testcases.UsersPageTest" name="validateUserProfileView" time="15.800"/>
  <testcase classname="com.actitime.qa.testcases.UsersPageTest" name="validateAddUser" time="19.126"/>
</testsuite> <!-- com.actitime.qa.testcases.UsersPageTest -->
