<?xml version="1.0" encoding="UTF-8"?>
<!-- Generated by org.testng.reporters.JUnitReportReporter -->
<testsuite hostname="LAPTOP-O91ANHAI" failures="0" tests="1" name="com.actitime.qa.testcases.UsersPageTest" time="41.402" errors="0" timestamp="05 Mar 2023 04:48:38 GMT" skipped="0">
  <testcase classname="com.actitime.qa.testcases.UsersPageTest" name="validateUserProfileView" time="41.402"/>
</testsuite> <!-- com.actitime.qa.testcases.UsersPageTest -->
