<?xml version="1.0" encoding="UTF-8"?>
<!-- Generated by org.testng.reporters.JUnitReportReporter -->
<testsuite hostname="LAPTOP-O91ANHAI" failures="0" tests="4" name="com.actitime.qa.testcases.LoginPageTest" time="72.820" errors="0" timestamp="26 Feb 2023 16:58:18 GMT" skipped="0">
  <testcase classname="com.actitime.qa.testcases.LoginPageTest" name="loginPageTitleTest" time="16.380"/>
  <testcase classname="com.actitime.qa.testcases.LoginPageTest" name="loginPageLogoTest" time="26.387"/>
  <testcase classname="com.actitime.qa.testcases.LoginPageTest" name="loginTest" time="16.079"/>
  <testcase classname="com.actitime.qa.testcases.LoginPageTest" name="loginTest" time="13.974"/>
</testsuite> <!-- com.actitime.qa.testcases.LoginPageTest -->
