<?xml version="1.0" encoding="UTF-8"?>
<!-- Generated by org.testng.reporters.JUnitReportReporter -->
<testsuite hostname="LAPTOP-O91ANHAI" failures="0" tests="7" name="com.actitime.qa.testcases.TasksPageTest" time="199.629" errors="0" timestamp="01 Mar 2023 17:45:54 GMT" skipped="0">
  <testcase classname="com.actitime.qa.testcases.TasksPageTest" name="validateTasksPage" time="23.971"/>
  <testcase classname="com.actitime.qa.testcases.TasksPageTest" name="validateAddNewCustomerBtn" time="25.232"/>
  <testcase classname="com.actitime.qa.testcases.TasksPageTest" name="validateAddNewProjectBtn" time="32.911"/>
  <testcase classname="com.actitime.qa.testcases.TasksPageTest" name="validateAddNewTaskBtn" time="24.678"/>
  <testcase classname="com.actitime.qa.testcases.TasksPageTest" name="validateImportCSVBtn" time="30.770"/>
  <testcase classname="com.actitime.qa.testcases.TasksPageTest" name="validateTaskList" time="32.520"/>
  <testcase classname="com.actitime.qa.testcases.TasksPageTest" name="validateTaskEdit" time="29.547"/>
</testsuite> <!-- com.actitime.qa.testcases.TasksPageTest -->
