<?xml version="1.0" encoding="UTF-8"?>
<!-- Generated by org.testng.reporters.JUnitReportReporter -->
<testsuite hostname="LAPTOP-O91ANHAI" failures="0" tests="4" name="com.actitime.qa.testcases.LoginPageTest" time="97.105" errors="0" timestamp="26 Feb 2023 13:11:08 GMT" skipped="0">
  <testcase classname="com.actitime.qa.testcases.LoginPageTest" name="loginPageTitleTest" time="21.833"/>
  <testcase classname="com.actitime.qa.testcases.LoginPageTest" name="loginPageLogoTest" time="22.869"/>
  <testcase classname="com.actitime.qa.testcases.LoginPageTest" name="loginTest" time="23.726"/>
  <testcase classname="com.actitime.qa.testcases.LoginPageTest" name="loginTest" time="28.677"/>
</testsuite> <!-- com.actitime.qa.testcases.LoginPageTest -->
